--------------- Clean Started: 01/29/2020 17:58:02 Project: ModBus_4200_Dev, Configuration: ARM GCC 5.4-2016-q2-update Debug ---------------
Deleting file ".\CortexM0\ARM_GCC_541\Debug\main.o"
Deleting file ".\CortexM0\ARM_GCC_541\Debug\modbus.o"
Deleting file ".\CortexM0\ARM_GCC_541\Debug\ringbuffer.o"
Deleting file ".\CortexM0\ARM_GCC_541\Debug\modbus-local-uart.o"
Deleting file ".\CortexM0\ARM_GCC_541\Debug\cyfitter_cfg.o"
Deleting file ".\CortexM0\ARM_GCC_541\Debug\cymetadata.o"
Deleting file ".\CortexM0\ARM_GCC_541\Debug\SW1.o"
Deleting file ".\CortexM0\ARM_GCC_541\Debug\SW1_PM.o"
Deleting file ".\CortexM0\ARM_GCC_541\Debug\LED1.o"
Deleting file ".\CortexM0\ARM_GCC_541\Debug\LED1_PM.o"
Deleting file ".\CortexM0\ARM_GCC_541\Debug\cy_em_eeprom.o"
Deleting file ".\CortexM0\ARM_GCC_541\Debug\Cm0Start.o"
Deleting file ".\CortexM0\ARM_GCC_541\Debug\CyFlash.o"
Deleting file ".\CortexM0\ARM_GCC_541\Debug\CyLib.o"
Deleting file ".\CortexM0\ARM_GCC_541\Debug\cyPm.o"
Deleting file ".\CortexM0\ARM_GCC_541\Debug\cyutils.o"
Deleting file ".\CortexM0\ARM_GCC_541\Debug\CyBootAsmGnu.o"
Deleting file ".\CortexM0\ARM_GCC_541\Debug\CyLFClk.o"
Deleting file ".\CortexM0\ARM_GCC_541\Debug\cybootloader.o"
Deleting file ".\CortexM0\ARM_GCC_541\Debug\Bootloadable_1.o"
Deleting file ".\CortexM0\ARM_GCC_541\Debug\USB_UART.o"
Deleting file ".\CortexM0\ARM_GCC_541\Debug\USB_UART_SPI_UART.o"
Deleting file ".\CortexM0\ARM_GCC_541\Debug\USB_UART_SPI_UART_INT.o"
Deleting file ".\CortexM0\ARM_GCC_541\Debug\USB_UART_PM.o"
Deleting file ".\CortexM0\ARM_GCC_541\Debug\USB_UART_UART.o"
Deleting file ".\CortexM0\ARM_GCC_541\Debug\USB_UART_BOOT.o"
Deleting file ".\CortexM0\ARM_GCC_541\Debug\USB_UART_UART_BOOT.o"
Deleting file ".\CortexM0\ARM_GCC_541\Debug\USB_UART_SCBCLK.o"
Deleting file ".\CortexM0\ARM_GCC_541\Debug\USB_UART_tx.o"
Deleting file ".\CortexM0\ARM_GCC_541\Debug\USB_UART_tx_PM.o"
Deleting file ".\CortexM0\ARM_GCC_541\Debug\USB_UART_rx.o"
Deleting file ".\CortexM0\ARM_GCC_541\Debug\USB_UART_rx_PM.o"
Deleting file ".\CortexM0\ARM_GCC_541\Debug\RS485_RX_ISR.o"
Deleting file ".\CortexM0\ARM_GCC_541\Debug\RS485_EN.o"
Deleting file ".\CortexM0\ARM_GCC_541\Debug\RS485_EN_PM.o"
Deleting file ".\CortexM0\ARM_GCC_541\Debug\RS485.o"
Deleting file ".\CortexM0\ARM_GCC_541\Debug\RS485_PM.o"
Deleting file ".\CortexM0\ARM_GCC_541\Debug\RS485_INT.o"
Deleting file ".\CortexM0\ARM_GCC_541\Debug\RS485_BOOT.o"
Deleting file ".\CortexM0\ARM_GCC_541\Debug\MODBUS_TIMER_CLK.o"
Deleting file ".\CortexM0\ARM_GCC_541\Debug\MODBUS_TIMER.o"
Deleting file ".\CortexM0\ARM_GCC_541\Debug\MODBUS_TIMER_PM.o"
Deleting file ".\CortexM0\ARM_GCC_541\Debug\MODBUS_TIMEOUT.o"
Deleting file ".\CortexM0\ARM_GCC_541\Debug\RS485_IntClock.o"
Deleting file ".\CortexM0\ARM_GCC_541\Debug\ModBus_4200_Dev.hex"
Deleting file ".\CortexM0\ARM_GCC_541\Debug\ModBus_4200_Dev.elf"
Deleting file ".\CortexM0\ARM_GCC_541\Debug\ModBus_4200_Dev.map"
Deleting file ".\CortexM0\ARM_GCC_541\Debug\ModBus_4200_Dev.cyacd"
Deleting file ".\ModBus_4200_Dev.cycdx"
Deleting file ".\ModBus_4200_Dev.svd"
Deleting file ".\ModBus_4200_Dev.rpt"
Deleting file ".\ModBus_4200_Dev_timing.html"
Deleting file ".\CortexM0\ARM_GCC_541\Debug\.deps\SOURCE_C__ARM_GCC_GENERIC.P"
Deleting file ".\CortexM0\ARM_GCC_541\Debug\.deps\SOURCE_ASM__ARM_GCC_GENERIC.P"
--------------- Clean Succeeded: 01/29/2020 17:58:02 ---------------
