ARM GAS  C:\Users\LUKEYO~1\AppData\Local\Temp\ccYFsQd4.s 			page 1


   1              		.syntax unified
   2              		.cpu cortex-m0
   3              		.fpu softvfp
   4              		.eabi_attribute 20, 1
   5              		.eabi_attribute 21, 1
   6              		.eabi_attribute 23, 3
   7              		.eabi_attribute 24, 1
   8              		.eabi_attribute 25, 1
   9              		.eabi_attribute 26, 1
  10              		.eabi_attribute 30, 1
  11              		.eabi_attribute 34, 0
  12              		.eabi_attribute 18, 4
  13              		.thumb
  14              		.syntax unified
  15              		.file	"modbus-local-timer_tcpwm.c"
  16              		.text
  17              	.Ltext0:
  18              		.cfi_sections	.debug_frame
  19              		.section	.text.modbus_timeout,"ax",%progbits
  20              		.align	2
  21              		.global	modbus_timeout
  22              		.code	16
  23              		.thumb_func
  24              		.type	modbus_timeout, %function
  25              	modbus_timeout:
  26              	.LFB32:
  27              		.file 1 "..\\..\\src\\modbus-local-timer_tcpwm.c"
   1:..\..\src/modbus-local-timer_tcpwm.c **** /**
   2:..\..\src/modbus-local-timer_tcpwm.c ****  * @file    modbus-local-timer.c
   3:..\..\src/modbus-local-timer_tcpwm.c ****  * @brief   Provides modbus-local.h with timer function defintions
   4:..\..\src/modbus-local-timer_tcpwm.c ****  * @author  Luke Young (L S Young Electrical)
   5:..\..\src/modbus-local-timer_tcpwm.c ****  * 
   6:..\..\src/modbus-local-timer_tcpwm.c ****  * Slightly amended version of 
   7:..\..\src/modbus-local-timer_tcpwm.c ****  * uC_Modbus by Kim Taylor <https://github.com/kmtaylor>
   8:..\..\src/modbus-local-timer_tcpwm.c ****  * 
   9:..\..\src/modbus-local-timer_tcpwm.c ****  * Based on libmodbus by Stéphane Raimbault <stephane.raimbault@gmail.com>
  10:..\..\src/modbus-local-timer_tcpwm.c ****  *
  11:..\..\src/modbus-local-timer_tcpwm.c ****  * @copyright
  12:..\..\src/modbus-local-timer_tcpwm.c ****  * This library is free software; you can redistribute it and/or
  13:..\..\src/modbus-local-timer_tcpwm.c ****  * modify it under the terms of the GNU Lesser General Public
  14:..\..\src/modbus-local-timer_tcpwm.c ****  * License as published by the Free Software Foundation; either
  15:..\..\src/modbus-local-timer_tcpwm.c ****  * version 2.1 of the License, or (at your option) any later version.
  16:..\..\src/modbus-local-timer_tcpwm.c ****  * 
  17:..\..\src/modbus-local-timer_tcpwm.c ****  * This library is distributed in the hope that it will be useful,
  18:..\..\src/modbus-local-timer_tcpwm.c ****  * but WITHOUT ANY WARRANTY; without even the implied warranty of
  19:..\..\src/modbus-local-timer_tcpwm.c ****  * MERCHANTABILITY or FITNESS FOR A PARTICULAR PURPOSE.  See the GNU
  20:..\..\src/modbus-local-timer_tcpwm.c ****  * Lesser General Public License for more details.
  21:..\..\src/modbus-local-timer_tcpwm.c ****  * 
  22:..\..\src/modbus-local-timer_tcpwm.c ****  * @details
  23:..\..\src/modbus-local-timer_tcpwm.c ****  * This file defines the timeing related functions used by modbus.h/c and 
  24:..\..\src/modbus-local-timer_tcpwm.c ****  * modbus-local.h . The functions are all specfic to the PSOC 4200 micro
  25:..\..\src/modbus-local-timer_tcpwm.c ****  * controller and require the timer counter component in the PSOC creator 
  26:..\..\src/modbus-local-timer_tcpwm.c ****  * project to have the exact name "MODBUS_TIMER" additionally, the attached 
  27:..\..\src/modbus-local-timer_tcpwm.c ****  * timer overflow external interrupt MUST be named "MODBUS_TIMEOUT".
  28:..\..\src/modbus-local-timer_tcpwm.c ****  * 
  29:..\..\src/modbus-local-timer_tcpwm.c ****  * When porting the libray, all the functions in this this file 
  30:..\..\src/modbus-local-timer_tcpwm.c ****  * MUST be adapted to the API of the micro controller architecture you are
ARM GAS  C:\Users\LUKEYO~1\AppData\Local\Temp\ccYFsQd4.s 			page 2


  31:..\..\src/modbus-local-timer_tcpwm.c ****  * useing.
  32:..\..\src/modbus-local-timer_tcpwm.c ****  */
  33:..\..\src/modbus-local-timer_tcpwm.c **** 
  34:..\..\src/modbus-local-timer_tcpwm.c **** #include "modbus-local.h"
  35:..\..\src/modbus-local-timer_tcpwm.c **** 
  36:..\..\src/modbus-local-timer_tcpwm.c **** CY_ISR(modbus_timeout)
  37:..\..\src/modbus-local-timer_tcpwm.c **** {
  28              		.loc 1 37 0
  29              		.cfi_startproc
  30              		@ args = 0, pretend = 0, frame = 0
  31              		@ frame_needed = 0, uses_anonymous_args = 0
  32 0000 10B5     		push	{r4, lr}
  33              		.cfi_def_cfa_offset 8
  34              		.cfi_offset 4, -8
  35              		.cfi_offset 14, -4
  38:..\..\src/modbus-local-timer_tcpwm.c ****     _modbus_timer_finished = 1;
  36              		.loc 1 38 0
  37 0002 0122     		movs	r2, #1
  38 0004 024B     		ldr	r3, .L2
  39 0006 1A70     		strb	r2, [r3]
  39:..\..\src/modbus-local-timer_tcpwm.c ****     MODBUS_TIMER_ClearInterrupt(MODBUS_TIMER_INTR_MASK_TC);
  40              		.loc 1 39 0
  41 0008 0120     		movs	r0, #1
  42 000a FFF7FEFF 		bl	MODBUS_TIMER_ClearInterrupt
  43              	.LVL0:
  40:..\..\src/modbus-local-timer_tcpwm.c **** }
  44              		.loc 1 40 0
  45              		@ sp needed
  46 000e 10BD     		pop	{r4, pc}
  47              	.L3:
  48              		.align	2
  49              	.L2:
  50 0010 00000000 		.word	_modbus_timer_finished
  51              		.cfi_endproc
  52              	.LFE32:
  53              		.size	modbus_timeout, .-modbus_timeout
  54              		.section	.text._modbus_timer_stop_and_reset,"ax",%progbits
  55              		.align	2
  56              		.global	_modbus_timer_stop_and_reset
  57              		.code	16
  58              		.thumb_func
  59              		.type	_modbus_timer_stop_and_reset, %function
  60              	_modbus_timer_stop_and_reset:
  61              	.LFB33:
  41:..\..\src/modbus-local-timer_tcpwm.c **** 
  42:..\..\src/modbus-local-timer_tcpwm.c **** void _modbus_timer_stop_and_reset(void)
  43:..\..\src/modbus-local-timer_tcpwm.c **** {
  62              		.loc 1 43 0
  63              		.cfi_startproc
  64              		@ args = 0, pretend = 0, frame = 0
  65              		@ frame_needed = 0, uses_anonymous_args = 0
  66 0000 10B5     		push	{r4, lr}
  67              		.cfi_def_cfa_offset 8
  68              		.cfi_offset 4, -8
  69              		.cfi_offset 14, -4
  44:..\..\src/modbus-local-timer_tcpwm.c **** 
  45:..\..\src/modbus-local-timer_tcpwm.c ****     // Reset timer to 0 counts
ARM GAS  C:\Users\LUKEYO~1\AppData\Local\Temp\ccYFsQd4.s 			page 3


  46:..\..\src/modbus-local-timer_tcpwm.c ****     MODBUS_TIMER_TriggerCommand(MODBUS_TIMER_MASK, MODBUS_TIMER_CMD_RELOAD);
  70              		.loc 1 46 0
  71 0002 0821     		movs	r1, #8
  72 0004 0120     		movs	r0, #1
  73 0006 FFF7FEFF 		bl	MODBUS_TIMER_TriggerCommand
  74              	.LVL1:
  47:..\..\src/modbus-local-timer_tcpwm.c **** 
  48:..\..\src/modbus-local-timer_tcpwm.c ****     // Wait a few CLK cycles:
  49:..\..\src/modbus-local-timer_tcpwm.c ****     // Stopping the timer on the same CLK cycle as a reset will overide reset
  50:..\..\src/modbus-local-timer_tcpwm.c ****     CyDelay(2);
  75              		.loc 1 50 0
  76 000a 0220     		movs	r0, #2
  77 000c FFF7FEFF 		bl	CyDelay
  78              	.LVL2:
  51:..\..\src/modbus-local-timer_tcpwm.c **** 
  52:..\..\src/modbus-local-timer_tcpwm.c ****     MODBUS_TIMER_Stop();
  79              		.loc 1 52 0
  80 0010 FFF7FEFF 		bl	MODBUS_TIMER_Stop
  81              	.LVL3:
  53:..\..\src/modbus-local-timer_tcpwm.c ****     //MODBUS_TIMER_TriggerCommand(MODBUS_TIMER_MASKMODBUS_TIMER_CMD_STOP);
  54:..\..\src/modbus-local-timer_tcpwm.c **** 
  55:..\..\src/modbus-local-timer_tcpwm.c ****     _modbus_timer_finished = 0;
  82              		.loc 1 55 0
  83 0014 0022     		movs	r2, #0
  84 0016 014B     		ldr	r3, .L5
  85 0018 1A70     		strb	r2, [r3]
  56:..\..\src/modbus-local-timer_tcpwm.c **** }
  86              		.loc 1 56 0
  87              		@ sp needed
  88 001a 10BD     		pop	{r4, pc}
  89              	.L6:
  90              		.align	2
  91              	.L5:
  92 001c 00000000 		.word	_modbus_timer_finished
  93              		.cfi_endproc
  94              	.LFE33:
  95              		.size	_modbus_timer_stop_and_reset, .-_modbus_timer_stop_and_reset
  96              		.section	.text._modbus_timer_reset,"ax",%progbits
  97              		.align	2
  98              		.global	_modbus_timer_reset
  99              		.code	16
 100              		.thumb_func
 101              		.type	_modbus_timer_reset, %function
 102              	_modbus_timer_reset:
 103              	.LFB34:
  57:..\..\src/modbus-local-timer_tcpwm.c **** 
  58:..\..\src/modbus-local-timer_tcpwm.c **** void _modbus_timer_reset(void)
  59:..\..\src/modbus-local-timer_tcpwm.c **** {
 104              		.loc 1 59 0
 105              		.cfi_startproc
 106              		@ args = 0, pretend = 0, frame = 0
 107              		@ frame_needed = 0, uses_anonymous_args = 0
 108 0000 10B5     		push	{r4, lr}
 109              		.cfi_def_cfa_offset 8
 110              		.cfi_offset 4, -8
 111              		.cfi_offset 14, -4
  60:..\..\src/modbus-local-timer_tcpwm.c ****     MODBUS_TIMER_TriggerCommand(MODBUS_TIMER_MASK, MODBUS_TIMER_CMD_RELOAD);
ARM GAS  C:\Users\LUKEYO~1\AppData\Local\Temp\ccYFsQd4.s 			page 4


 112              		.loc 1 60 0
 113 0002 0821     		movs	r1, #8
 114 0004 0120     		movs	r0, #1
 115 0006 FFF7FEFF 		bl	MODBUS_TIMER_TriggerCommand
 116              	.LVL4:
  61:..\..\src/modbus-local-timer_tcpwm.c **** }
 117              		.loc 1 61 0
 118              		@ sp needed
 119 000a 10BD     		pop	{r4, pc}
 120              		.cfi_endproc
 121              	.LFE34:
 122              		.size	_modbus_timer_reset, .-_modbus_timer_reset
 123              		.section	.text._modbus_timer_start,"ax",%progbits
 124              		.align	2
 125              		.global	_modbus_timer_start
 126              		.code	16
 127              		.thumb_func
 128              		.type	_modbus_timer_start, %function
 129              	_modbus_timer_start:
 130              	.LFB35:
  62:..\..\src/modbus-local-timer_tcpwm.c **** 
  63:..\..\src/modbus-local-timer_tcpwm.c **** void _modbus_timer_start(void)
  64:..\..\src/modbus-local-timer_tcpwm.c **** {
 131              		.loc 1 64 0
 132              		.cfi_startproc
 133              		@ args = 0, pretend = 0, frame = 0
 134              		@ frame_needed = 0, uses_anonymous_args = 0
 135 0000 10B5     		push	{r4, lr}
 136              		.cfi_def_cfa_offset 8
 137              		.cfi_offset 4, -8
 138              		.cfi_offset 14, -4
  65:..\..\src/modbus-local-timer_tcpwm.c ****     MODBUS_TIMER_Enable();
 139              		.loc 1 65 0
 140 0002 FFF7FEFF 		bl	MODBUS_TIMER_Enable
 141              	.LVL5:
  66:..\..\src/modbus-local-timer_tcpwm.c **** }
 142              		.loc 1 66 0
 143              		@ sp needed
 144 0006 10BD     		pop	{r4, pc}
 145              		.cfi_endproc
 146              	.LFE35:
 147              		.size	_modbus_timer_start, .-_modbus_timer_start
 148              		.section	.text._modbus_timer_init,"ax",%progbits
 149              		.align	2
 150              		.global	_modbus_timer_init
 151              		.code	16
 152              		.thumb_func
 153              		.type	_modbus_timer_init, %function
 154              	_modbus_timer_init:
 155              	.LFB36:
  67:..\..\src/modbus-local-timer_tcpwm.c **** 
  68:..\..\src/modbus-local-timer_tcpwm.c **** void _modbus_timer_init(void)
  69:..\..\src/modbus-local-timer_tcpwm.c **** {
 156              		.loc 1 69 0
 157              		.cfi_startproc
 158              		@ args = 0, pretend = 0, frame = 0
 159              		@ frame_needed = 0, uses_anonymous_args = 0
ARM GAS  C:\Users\LUKEYO~1\AppData\Local\Temp\ccYFsQd4.s 			page 5


 160 0000 10B5     		push	{r4, lr}
 161              		.cfi_def_cfa_offset 8
 162              		.cfi_offset 4, -8
 163              		.cfi_offset 14, -4
  70:..\..\src/modbus-local-timer_tcpwm.c ****     MODBUS_TIMER_Init();
 164              		.loc 1 70 0
 165 0002 FFF7FEFF 		bl	MODBUS_TIMER_Init
 166              	.LVL6:
  71:..\..\src/modbus-local-timer_tcpwm.c ****     MODBUS_TIMEOUT_StartEx(modbus_timeout);
 167              		.loc 1 71 0
 168 0006 0248     		ldr	r0, .L10
 169 0008 FFF7FEFF 		bl	MODBUS_TIMEOUT_StartEx
 170              	.LVL7:
  72:..\..\src/modbus-local-timer_tcpwm.c **** }
 171              		.loc 1 72 0
 172              		@ sp needed
 173 000c 10BD     		pop	{r4, pc}
 174              	.L11:
 175 000e C046     		.align	2
 176              	.L10:
 177 0010 00000000 		.word	modbus_timeout
 178              		.cfi_endproc
 179              	.LFE36:
 180              		.size	_modbus_timer_init, .-_modbus_timer_init
 181              		.comm	_modbus_timer_finished,1,1
 182              		.text
 183              	.Letext0:
 184              		.file 2 "c:\\program files (x86)\\cypress\\psoc creator\\4.2\\psoc creator\\import\\gnu\\arm\\5.4.
 185              		.file 3 "c:\\program files (x86)\\cypress\\psoc creator\\4.2\\psoc creator\\import\\gnu\\arm\\5.4.
 186              		.file 4 "Generated_Source\\PSoC4/cytypes.h"
 187              		.file 5 "Generated_Source\\PSoC4/MODBUS_TIMER.h"
 188              		.file 6 "Generated_Source\\PSoC4/CyLib.h"
 189              		.file 7 "Generated_Source\\PSoC4/MODBUS_TIMEOUT.h"
 190              		.file 8 "..\\..\\src\\modbus-local.h"
 191              		.section	.debug_info,"",%progbits
 192              	.Ldebug_info0:
 193 0000 FF010000 		.4byte	0x1ff
 194 0004 0400     		.2byte	0x4
 195 0006 00000000 		.4byte	.Ldebug_abbrev0
 196 000a 04       		.byte	0x4
 197 000b 01       		.uleb128 0x1
 198 000c F6010000 		.4byte	.LASF29
 199 0010 0C       		.byte	0xc
 200 0011 14010000 		.4byte	.LASF30
 201 0015 46000000 		.4byte	.LASF31
 202 0019 00000000 		.4byte	.Ldebug_ranges0+0
 203 001d 00000000 		.4byte	0
 204 0021 00000000 		.4byte	.Ldebug_line0
 205 0025 02       		.uleb128 0x2
 206 0026 01       		.byte	0x1
 207 0027 06       		.byte	0x6
 208 0028 D6020000 		.4byte	.LASF0
 209 002c 03       		.uleb128 0x3
 210 002d 00000000 		.4byte	.LASF9
 211 0031 02       		.byte	0x2
 212 0032 1D       		.byte	0x1d
 213 0033 37000000 		.4byte	0x37
ARM GAS  C:\Users\LUKEYO~1\AppData\Local\Temp\ccYFsQd4.s 			page 6


 214 0037 02       		.uleb128 0x2
 215 0038 01       		.byte	0x1
 216 0039 08       		.byte	0x8
 217 003a D8000000 		.4byte	.LASF1
 218 003e 02       		.uleb128 0x2
 219 003f 02       		.byte	0x2
 220 0040 05       		.byte	0x5
 221 0041 B7020000 		.4byte	.LASF2
 222 0045 02       		.uleb128 0x2
 223 0046 02       		.byte	0x2
 224 0047 07       		.byte	0x7
 225 0048 33000000 		.4byte	.LASF3
 226 004c 02       		.uleb128 0x2
 227 004d 04       		.byte	0x4
 228 004e 05       		.byte	0x5
 229 004f C1020000 		.4byte	.LASF4
 230 0053 02       		.uleb128 0x2
 231 0054 04       		.byte	0x4
 232 0055 07       		.byte	0x7
 233 0056 02010000 		.4byte	.LASF5
 234 005a 02       		.uleb128 0x2
 235 005b 08       		.byte	0x8
 236 005c 05       		.byte	0x5
 237 005d 8D020000 		.4byte	.LASF6
 238 0061 02       		.uleb128 0x2
 239 0062 08       		.byte	0x8
 240 0063 07       		.byte	0x7
 241 0064 B5010000 		.4byte	.LASF7
 242 0068 04       		.uleb128 0x4
 243 0069 04       		.byte	0x4
 244 006a 05       		.byte	0x5
 245 006b 696E7400 		.ascii	"int\000"
 246 006f 02       		.uleb128 0x2
 247 0070 04       		.byte	0x4
 248 0071 07       		.byte	0x7
 249 0072 8C010000 		.4byte	.LASF8
 250 0076 03       		.uleb128 0x3
 251 0077 CC010000 		.4byte	.LASF10
 252 007b 03       		.byte	0x3
 253 007c 18       		.byte	0x18
 254 007d 2C000000 		.4byte	0x2c
 255 0081 05       		.uleb128 0x5
 256 0082 85010000 		.4byte	.LASF11
 257 0086 04       		.byte	0x4
 258 0087 E601     		.2byte	0x1e6
 259 0089 53000000 		.4byte	0x53
 260 008d 02       		.uleb128 0x2
 261 008e 04       		.byte	0x4
 262 008f 04       		.byte	0x4
 263 0090 BE000000 		.4byte	.LASF12
 264 0094 02       		.uleb128 0x2
 265 0095 08       		.byte	0x8
 266 0096 04       		.byte	0x4
 267 0097 4D010000 		.4byte	.LASF13
 268 009b 02       		.uleb128 0x2
 269 009c 01       		.byte	0x1
 270 009d 08       		.byte	0x8
ARM GAS  C:\Users\LUKEYO~1\AppData\Local\Temp\ccYFsQd4.s 			page 7


 271 009e 9B020000 		.4byte	.LASF14
 272 00a2 02       		.uleb128 0x2
 273 00a3 08       		.byte	0x8
 274 00a4 04       		.byte	0x4
 275 00a5 CA020000 		.4byte	.LASF15
 276 00a9 02       		.uleb128 0x2
 277 00aa 04       		.byte	0x4
 278 00ab 07       		.byte	0x7
 279 00ac 84020000 		.4byte	.LASF16
 280 00b0 06       		.uleb128 0x6
 281 00b1 D4010000 		.4byte	.LASF17
 282 00b5 01       		.byte	0x1
 283 00b6 24       		.byte	0x24
 284 00b7 00000000 		.4byte	.LFB32
 285 00bb 14000000 		.4byte	.LFE32-.LFB32
 286 00bf 01       		.uleb128 0x1
 287 00c0 9C       		.byte	0x9c
 288 00c1 D5000000 		.4byte	0xd5
 289 00c5 07       		.uleb128 0x7
 290 00c6 0E000000 		.4byte	.LVL0
 291 00ca B0010000 		.4byte	0x1b0
 292 00ce 08       		.uleb128 0x8
 293 00cf 01       		.uleb128 0x1
 294 00d0 50       		.byte	0x50
 295 00d1 01       		.uleb128 0x1
 296 00d2 31       		.byte	0x31
 297 00d3 00       		.byte	0
 298 00d4 00       		.byte	0
 299 00d5 06       		.uleb128 0x6
 300 00d6 54010000 		.4byte	.LASF18
 301 00da 01       		.byte	0x1
 302 00db 2A       		.byte	0x2a
 303 00dc 00000000 		.4byte	.LFB33
 304 00e0 20000000 		.4byte	.LFE33-.LFB33
 305 00e4 01       		.uleb128 0x1
 306 00e5 9C       		.byte	0x9c
 307 00e6 1F010000 		.4byte	0x11f
 308 00ea 09       		.uleb128 0x9
 309 00eb 0A000000 		.4byte	.LVL1
 310 00ef BC010000 		.4byte	0x1bc
 311 00f3 02010000 		.4byte	0x102
 312 00f7 08       		.uleb128 0x8
 313 00f8 01       		.uleb128 0x1
 314 00f9 50       		.byte	0x50
 315 00fa 01       		.uleb128 0x1
 316 00fb 31       		.byte	0x31
 317 00fc 08       		.uleb128 0x8
 318 00fd 01       		.uleb128 0x1
 319 00fe 51       		.byte	0x51
 320 00ff 01       		.uleb128 0x1
 321 0100 38       		.byte	0x38
 322 0101 00       		.byte	0
 323 0102 09       		.uleb128 0x9
 324 0103 10000000 		.4byte	.LVL2
 325 0107 C8010000 		.4byte	0x1c8
 326 010b 15010000 		.4byte	0x115
 327 010f 08       		.uleb128 0x8
ARM GAS  C:\Users\LUKEYO~1\AppData\Local\Temp\ccYFsQd4.s 			page 8


 328 0110 01       		.uleb128 0x1
 329 0111 50       		.byte	0x50
 330 0112 01       		.uleb128 0x1
 331 0113 32       		.byte	0x32
 332 0114 00       		.byte	0
 333 0115 0A       		.uleb128 0xa
 334 0116 14000000 		.4byte	.LVL3
 335 011a D3010000 		.4byte	0x1d3
 336 011e 00       		.byte	0
 337 011f 06       		.uleb128 0x6
 338 0120 71010000 		.4byte	.LASF19
 339 0124 01       		.byte	0x1
 340 0125 3A       		.byte	0x3a
 341 0126 00000000 		.4byte	.LFB34
 342 012a 0C000000 		.4byte	.LFE34-.LFB34
 343 012e 01       		.uleb128 0x1
 344 012f 9C       		.byte	0x9c
 345 0130 49010000 		.4byte	0x149
 346 0134 07       		.uleb128 0x7
 347 0135 0A000000 		.4byte	.LVL4
 348 0139 BC010000 		.4byte	0x1bc
 349 013d 08       		.uleb128 0x8
 350 013e 01       		.uleb128 0x1
 351 013f 50       		.byte	0x50
 352 0140 01       		.uleb128 0x1
 353 0141 31       		.byte	0x31
 354 0142 08       		.uleb128 0x8
 355 0143 01       		.uleb128 0x1
 356 0144 51       		.byte	0x51
 357 0145 01       		.uleb128 0x1
 358 0146 38       		.byte	0x38
 359 0147 00       		.byte	0
 360 0148 00       		.byte	0
 361 0149 06       		.uleb128 0x6
 362 014a 39010000 		.4byte	.LASF20
 363 014e 01       		.byte	0x1
 364 014f 3F       		.byte	0x3f
 365 0150 00000000 		.4byte	.LFB35
 366 0154 08000000 		.4byte	.LFE35-.LFB35
 367 0158 01       		.uleb128 0x1
 368 0159 9C       		.byte	0x9c
 369 015a 68010000 		.4byte	0x168
 370 015e 0A       		.uleb128 0xa
 371 015f 06000000 		.4byte	.LVL5
 372 0163 DF010000 		.4byte	0x1df
 373 0167 00       		.byte	0
 374 0168 06       		.uleb128 0x6
 375 0169 E3010000 		.4byte	.LASF21
 376 016d 01       		.byte	0x1
 377 016e 44       		.byte	0x44
 378 016f 00000000 		.4byte	.LFB36
 379 0173 14000000 		.4byte	.LFE36-.LFB36
 380 0177 01       		.uleb128 0x1
 381 0178 9C       		.byte	0x9c
 382 0179 9A010000 		.4byte	0x19a
 383 017d 0A       		.uleb128 0xa
 384 017e 06000000 		.4byte	.LVL6
ARM GAS  C:\Users\LUKEYO~1\AppData\Local\Temp\ccYFsQd4.s 			page 9


 385 0182 EB010000 		.4byte	0x1eb
 386 0186 07       		.uleb128 0x7
 387 0187 0C000000 		.4byte	.LVL7
 388 018b F7010000 		.4byte	0x1f7
 389 018f 08       		.uleb128 0x8
 390 0190 01       		.uleb128 0x1
 391 0191 50       		.byte	0x50
 392 0192 05       		.uleb128 0x5
 393 0193 03       		.byte	0x3
 394 0194 00000000 		.4byte	modbus_timeout
 395 0198 00       		.byte	0
 396 0199 00       		.byte	0
 397 019a 0B       		.uleb128 0xb
 398 019b A0020000 		.4byte	.LASF32
 399 019f 08       		.byte	0x8
 400 01a0 5B       		.byte	0x5b
 401 01a1 AB010000 		.4byte	0x1ab
 402 01a5 05       		.uleb128 0x5
 403 01a6 03       		.byte	0x3
 404 01a7 00000000 		.4byte	_modbus_timer_finished
 405 01ab 0C       		.uleb128 0xc
 406 01ac 76000000 		.4byte	0x76
 407 01b0 0D       		.uleb128 0xd
 408 01b1 E6000000 		.4byte	.LASF22
 409 01b5 E6000000 		.4byte	.LASF22
 410 01b9 05       		.byte	0x5
 411 01ba 4701     		.2byte	0x147
 412 01bc 0D       		.uleb128 0xd
 413 01bd 99010000 		.4byte	.LASF23
 414 01c1 99010000 		.4byte	.LASF23
 415 01c5 05       		.byte	0x5
 416 01c6 3B01     		.2byte	0x13b
 417 01c8 0E       		.uleb128 0xe
 418 01c9 F4020000 		.4byte	.LASF24
 419 01cd F4020000 		.4byte	.LASF24
 420 01d1 06       		.byte	0x6
 421 01d2 D9       		.byte	0xd9
 422 01d3 0D       		.uleb128 0xd
 423 01d4 21000000 		.4byte	.LASF25
 424 01d8 21000000 		.4byte	.LASF25
 425 01dc 05       		.byte	0x5
 426 01dd 3301     		.2byte	0x133
 427 01df 0D       		.uleb128 0xd
 428 01e0 C4000000 		.4byte	.LASF26
 429 01e4 C4000000 		.4byte	.LASF26
 430 01e8 05       		.byte	0x5
 431 01e9 3101     		.2byte	0x131
 432 01eb 0D       		.uleb128 0xd
 433 01ec E2020000 		.4byte	.LASF27
 434 01f0 E2020000 		.4byte	.LASF27
 435 01f4 05       		.byte	0x5
 436 01f5 3001     		.2byte	0x130
 437 01f7 0E       		.uleb128 0xe
 438 01f8 0A000000 		.4byte	.LASF28
 439 01fc 0A000000 		.4byte	.LASF28
 440 0200 07       		.byte	0x7
 441 0201 18       		.byte	0x18
ARM GAS  C:\Users\LUKEYO~1\AppData\Local\Temp\ccYFsQd4.s 			page 10


 442 0202 00       		.byte	0
 443              		.section	.debug_abbrev,"",%progbits
 444              	.Ldebug_abbrev0:
 445 0000 01       		.uleb128 0x1
 446 0001 11       		.uleb128 0x11
 447 0002 01       		.byte	0x1
 448 0003 25       		.uleb128 0x25
 449 0004 0E       		.uleb128 0xe
 450 0005 13       		.uleb128 0x13
 451 0006 0B       		.uleb128 0xb
 452 0007 03       		.uleb128 0x3
 453 0008 0E       		.uleb128 0xe
 454 0009 1B       		.uleb128 0x1b
 455 000a 0E       		.uleb128 0xe
 456 000b 55       		.uleb128 0x55
 457 000c 17       		.uleb128 0x17
 458 000d 11       		.uleb128 0x11
 459 000e 01       		.uleb128 0x1
 460 000f 10       		.uleb128 0x10
 461 0010 17       		.uleb128 0x17
 462 0011 00       		.byte	0
 463 0012 00       		.byte	0
 464 0013 02       		.uleb128 0x2
 465 0014 24       		.uleb128 0x24
 466 0015 00       		.byte	0
 467 0016 0B       		.uleb128 0xb
 468 0017 0B       		.uleb128 0xb
 469 0018 3E       		.uleb128 0x3e
 470 0019 0B       		.uleb128 0xb
 471 001a 03       		.uleb128 0x3
 472 001b 0E       		.uleb128 0xe
 473 001c 00       		.byte	0
 474 001d 00       		.byte	0
 475 001e 03       		.uleb128 0x3
 476 001f 16       		.uleb128 0x16
 477 0020 00       		.byte	0
 478 0021 03       		.uleb128 0x3
 479 0022 0E       		.uleb128 0xe
 480 0023 3A       		.uleb128 0x3a
 481 0024 0B       		.uleb128 0xb
 482 0025 3B       		.uleb128 0x3b
 483 0026 0B       		.uleb128 0xb
 484 0027 49       		.uleb128 0x49
 485 0028 13       		.uleb128 0x13
 486 0029 00       		.byte	0
 487 002a 00       		.byte	0
 488 002b 04       		.uleb128 0x4
 489 002c 24       		.uleb128 0x24
 490 002d 00       		.byte	0
 491 002e 0B       		.uleb128 0xb
 492 002f 0B       		.uleb128 0xb
 493 0030 3E       		.uleb128 0x3e
 494 0031 0B       		.uleb128 0xb
 495 0032 03       		.uleb128 0x3
 496 0033 08       		.uleb128 0x8
 497 0034 00       		.byte	0
 498 0035 00       		.byte	0
ARM GAS  C:\Users\LUKEYO~1\AppData\Local\Temp\ccYFsQd4.s 			page 11


 499 0036 05       		.uleb128 0x5
 500 0037 16       		.uleb128 0x16
 501 0038 00       		.byte	0
 502 0039 03       		.uleb128 0x3
 503 003a 0E       		.uleb128 0xe
 504 003b 3A       		.uleb128 0x3a
 505 003c 0B       		.uleb128 0xb
 506 003d 3B       		.uleb128 0x3b
 507 003e 05       		.uleb128 0x5
 508 003f 49       		.uleb128 0x49
 509 0040 13       		.uleb128 0x13
 510 0041 00       		.byte	0
 511 0042 00       		.byte	0
 512 0043 06       		.uleb128 0x6
 513 0044 2E       		.uleb128 0x2e
 514 0045 01       		.byte	0x1
 515 0046 3F       		.uleb128 0x3f
 516 0047 19       		.uleb128 0x19
 517 0048 03       		.uleb128 0x3
 518 0049 0E       		.uleb128 0xe
 519 004a 3A       		.uleb128 0x3a
 520 004b 0B       		.uleb128 0xb
 521 004c 3B       		.uleb128 0x3b
 522 004d 0B       		.uleb128 0xb
 523 004e 27       		.uleb128 0x27
 524 004f 19       		.uleb128 0x19
 525 0050 11       		.uleb128 0x11
 526 0051 01       		.uleb128 0x1
 527 0052 12       		.uleb128 0x12
 528 0053 06       		.uleb128 0x6
 529 0054 40       		.uleb128 0x40
 530 0055 18       		.uleb128 0x18
 531 0056 9742     		.uleb128 0x2117
 532 0058 19       		.uleb128 0x19
 533 0059 01       		.uleb128 0x1
 534 005a 13       		.uleb128 0x13
 535 005b 00       		.byte	0
 536 005c 00       		.byte	0
 537 005d 07       		.uleb128 0x7
 538 005e 898201   		.uleb128 0x4109
 539 0061 01       		.byte	0x1
 540 0062 11       		.uleb128 0x11
 541 0063 01       		.uleb128 0x1
 542 0064 31       		.uleb128 0x31
 543 0065 13       		.uleb128 0x13
 544 0066 00       		.byte	0
 545 0067 00       		.byte	0
 546 0068 08       		.uleb128 0x8
 547 0069 8A8201   		.uleb128 0x410a
 548 006c 00       		.byte	0
 549 006d 02       		.uleb128 0x2
 550 006e 18       		.uleb128 0x18
 551 006f 9142     		.uleb128 0x2111
 552 0071 18       		.uleb128 0x18
 553 0072 00       		.byte	0
 554 0073 00       		.byte	0
 555 0074 09       		.uleb128 0x9
ARM GAS  C:\Users\LUKEYO~1\AppData\Local\Temp\ccYFsQd4.s 			page 12


 556 0075 898201   		.uleb128 0x4109
 557 0078 01       		.byte	0x1
 558 0079 11       		.uleb128 0x11
 559 007a 01       		.uleb128 0x1
 560 007b 31       		.uleb128 0x31
 561 007c 13       		.uleb128 0x13
 562 007d 01       		.uleb128 0x1
 563 007e 13       		.uleb128 0x13
 564 007f 00       		.byte	0
 565 0080 00       		.byte	0
 566 0081 0A       		.uleb128 0xa
 567 0082 898201   		.uleb128 0x4109
 568 0085 00       		.byte	0
 569 0086 11       		.uleb128 0x11
 570 0087 01       		.uleb128 0x1
 571 0088 31       		.uleb128 0x31
 572 0089 13       		.uleb128 0x13
 573 008a 00       		.byte	0
 574 008b 00       		.byte	0
 575 008c 0B       		.uleb128 0xb
 576 008d 34       		.uleb128 0x34
 577 008e 00       		.byte	0
 578 008f 03       		.uleb128 0x3
 579 0090 0E       		.uleb128 0xe
 580 0091 3A       		.uleb128 0x3a
 581 0092 0B       		.uleb128 0xb
 582 0093 3B       		.uleb128 0x3b
 583 0094 0B       		.uleb128 0xb
 584 0095 49       		.uleb128 0x49
 585 0096 13       		.uleb128 0x13
 586 0097 3F       		.uleb128 0x3f
 587 0098 19       		.uleb128 0x19
 588 0099 02       		.uleb128 0x2
 589 009a 18       		.uleb128 0x18
 590 009b 00       		.byte	0
 591 009c 00       		.byte	0
 592 009d 0C       		.uleb128 0xc
 593 009e 35       		.uleb128 0x35
 594 009f 00       		.byte	0
 595 00a0 49       		.uleb128 0x49
 596 00a1 13       		.uleb128 0x13
 597 00a2 00       		.byte	0
 598 00a3 00       		.byte	0
 599 00a4 0D       		.uleb128 0xd
 600 00a5 2E       		.uleb128 0x2e
 601 00a6 00       		.byte	0
 602 00a7 3F       		.uleb128 0x3f
 603 00a8 19       		.uleb128 0x19
 604 00a9 3C       		.uleb128 0x3c
 605 00aa 19       		.uleb128 0x19
 606 00ab 6E       		.uleb128 0x6e
 607 00ac 0E       		.uleb128 0xe
 608 00ad 03       		.uleb128 0x3
 609 00ae 0E       		.uleb128 0xe
 610 00af 3A       		.uleb128 0x3a
 611 00b0 0B       		.uleb128 0xb
 612 00b1 3B       		.uleb128 0x3b
ARM GAS  C:\Users\LUKEYO~1\AppData\Local\Temp\ccYFsQd4.s 			page 13


 613 00b2 05       		.uleb128 0x5
 614 00b3 00       		.byte	0
 615 00b4 00       		.byte	0
 616 00b5 0E       		.uleb128 0xe
 617 00b6 2E       		.uleb128 0x2e
 618 00b7 00       		.byte	0
 619 00b8 3F       		.uleb128 0x3f
 620 00b9 19       		.uleb128 0x19
 621 00ba 3C       		.uleb128 0x3c
 622 00bb 19       		.uleb128 0x19
 623 00bc 6E       		.uleb128 0x6e
 624 00bd 0E       		.uleb128 0xe
 625 00be 03       		.uleb128 0x3
 626 00bf 0E       		.uleb128 0xe
 627 00c0 3A       		.uleb128 0x3a
 628 00c1 0B       		.uleb128 0xb
 629 00c2 3B       		.uleb128 0x3b
 630 00c3 0B       		.uleb128 0xb
 631 00c4 00       		.byte	0
 632 00c5 00       		.byte	0
 633 00c6 00       		.byte	0
 634              		.section	.debug_aranges,"",%progbits
 635 0000 3C000000 		.4byte	0x3c
 636 0004 0200     		.2byte	0x2
 637 0006 00000000 		.4byte	.Ldebug_info0
 638 000a 04       		.byte	0x4
 639 000b 00       		.byte	0
 640 000c 0000     		.2byte	0
 641 000e 0000     		.2byte	0
 642 0010 00000000 		.4byte	.LFB32
 643 0014 14000000 		.4byte	.LFE32-.LFB32
 644 0018 00000000 		.4byte	.LFB33
 645 001c 20000000 		.4byte	.LFE33-.LFB33
 646 0020 00000000 		.4byte	.LFB34
 647 0024 0C000000 		.4byte	.LFE34-.LFB34
 648 0028 00000000 		.4byte	.LFB35
 649 002c 08000000 		.4byte	.LFE35-.LFB35
 650 0030 00000000 		.4byte	.LFB36
 651 0034 14000000 		.4byte	.LFE36-.LFB36
 652 0038 00000000 		.4byte	0
 653 003c 00000000 		.4byte	0
 654              		.section	.debug_ranges,"",%progbits
 655              	.Ldebug_ranges0:
 656 0000 00000000 		.4byte	.LFB32
 657 0004 14000000 		.4byte	.LFE32
 658 0008 00000000 		.4byte	.LFB33
 659 000c 20000000 		.4byte	.LFE33
 660 0010 00000000 		.4byte	.LFB34
 661 0014 0C000000 		.4byte	.LFE34
 662 0018 00000000 		.4byte	.LFB35
 663 001c 08000000 		.4byte	.LFE35
 664 0020 00000000 		.4byte	.LFB36
 665 0024 14000000 		.4byte	.LFE36
 666 0028 00000000 		.4byte	0
 667 002c 00000000 		.4byte	0
 668              		.section	.debug_line,"",%progbits
 669              	.Ldebug_line0:
ARM GAS  C:\Users\LUKEYO~1\AppData\Local\Temp\ccYFsQd4.s 			page 14


 670 0000 00020000 		.section	.debug_str,"MS",%progbits,1
 670      02009F01 
 670      00000201 
 670      FB0E0D00 
 670      01010101 
 671              	.LASF9:
 672 0000 5F5F7569 		.ascii	"__uint8_t\000"
 672      6E74385F 
 672      7400
 673              	.LASF28:
 674 000a 4D4F4442 		.ascii	"MODBUS_TIMEOUT_StartEx\000"
 674      55535F54 
 674      494D454F 
 674      55545F53 
 674      74617274 
 675              	.LASF25:
 676 0021 4D4F4442 		.ascii	"MODBUS_TIMER_Stop\000"
 676      55535F54 
 676      494D4552 
 676      5F53746F 
 676      7000
 677              	.LASF3:
 678 0033 73686F72 		.ascii	"short unsigned int\000"
 678      7420756E 
 678      7369676E 
 678      65642069 
 678      6E7400
 679              	.LASF31:
 680 0046 433A5C55 		.ascii	"C:\\Users\\Luke Young\\Documents\\06_Projects\\PSOC"
 680      73657273 
 680      5C4C756B 
 680      6520596F 
 680      756E675C 
 681 0074 5F4C6962 		.ascii	"_Librays\\Modbus_RTU_PSOC4\\example_projects\\Basic"
 681      72617973 
 681      5C4D6F64 
 681      6275735F 
 681      5254555F 
 682 00a4 5F315F4D 		.ascii	"_1_Modbus_RTU_PSOC4.cydsn\000"
 682      6F646275 
 682      735F5254 
 682      555F5053 
 682      4F43342E 
 683              	.LASF12:
 684 00be 666C6F61 		.ascii	"float\000"
 684      7400
 685              	.LASF26:
 686 00c4 4D4F4442 		.ascii	"MODBUS_TIMER_Enable\000"
 686      55535F54 
 686      494D4552 
 686      5F456E61 
 686      626C6500 
 687              	.LASF1:
 688 00d8 756E7369 		.ascii	"unsigned char\000"
 688      676E6564 
 688      20636861 
 688      7200
ARM GAS  C:\Users\LUKEYO~1\AppData\Local\Temp\ccYFsQd4.s 			page 15


 689              	.LASF22:
 690 00e6 4D4F4442 		.ascii	"MODBUS_TIMER_ClearInterrupt\000"
 690      55535F54 
 690      494D4552 
 690      5F436C65 
 690      6172496E 
 691              	.LASF5:
 692 0102 6C6F6E67 		.ascii	"long unsigned int\000"
 692      20756E73 
 692      69676E65 
 692      6420696E 
 692      7400
 693              	.LASF30:
 694 0114 2E2E5C2E 		.ascii	"..\\..\\src\\modbus-local-timer_tcpwm.c\000"
 694      2E5C7372 
 694      635C6D6F 
 694      64627573 
 694      2D6C6F63 
 695              	.LASF20:
 696 0139 5F6D6F64 		.ascii	"_modbus_timer_start\000"
 696      6275735F 
 696      74696D65 
 696      725F7374 
 696      61727400 
 697              	.LASF13:
 698 014d 646F7562 		.ascii	"double\000"
 698      6C6500
 699              	.LASF18:
 700 0154 5F6D6F64 		.ascii	"_modbus_timer_stop_and_reset\000"
 700      6275735F 
 700      74696D65 
 700      725F7374 
 700      6F705F61 
 701              	.LASF19:
 702 0171 5F6D6F64 		.ascii	"_modbus_timer_reset\000"
 702      6275735F 
 702      74696D65 
 702      725F7265 
 702      73657400 
 703              	.LASF11:
 704 0185 75696E74 		.ascii	"uint32\000"
 704      333200
 705              	.LASF8:
 706 018c 756E7369 		.ascii	"unsigned int\000"
 706      676E6564 
 706      20696E74 
 706      00
 707              	.LASF23:
 708 0199 4D4F4442 		.ascii	"MODBUS_TIMER_TriggerCommand\000"
 708      55535F54 
 708      494D4552 
 708      5F547269 
 708      67676572 
 709              	.LASF7:
 710 01b5 6C6F6E67 		.ascii	"long long unsigned int\000"
 710      206C6F6E 
 710      6720756E 
ARM GAS  C:\Users\LUKEYO~1\AppData\Local\Temp\ccYFsQd4.s 			page 16


 710      7369676E 
 710      65642069 
 711              	.LASF10:
 712 01cc 75696E74 		.ascii	"uint8_t\000"
 712      385F7400 
 713              	.LASF17:
 714 01d4 6D6F6462 		.ascii	"modbus_timeout\000"
 714      75735F74 
 714      696D656F 
 714      757400
 715              	.LASF21:
 716 01e3 5F6D6F64 		.ascii	"_modbus_timer_init\000"
 716      6275735F 
 716      74696D65 
 716      725F696E 
 716      697400
 717              	.LASF29:
 718 01f6 474E5520 		.ascii	"GNU C11 5.4.1 20160609 (release) [ARM/embedded-5-br"
 718      43313120 
 718      352E342E 
 718      31203230 
 718      31363036 
 719 0229 616E6368 		.ascii	"anch revision 237715] -mcpu=cortex-m0 -mthumb -g -O"
 719      20726576 
 719      6973696F 
 719      6E203233 
 719      37373135 
 720 025c 67202D66 		.ascii	"g -ffunction-sections -ffat-lto-objects\000"
 720      66756E63 
 720      74696F6E 
 720      2D736563 
 720      74696F6E 
 721              	.LASF16:
 722 0284 73697A65 		.ascii	"sizetype\000"
 722      74797065 
 722      00
 723              	.LASF6:
 724 028d 6C6F6E67 		.ascii	"long long int\000"
 724      206C6F6E 
 724      6720696E 
 724      7400
 725              	.LASF14:
 726 029b 63686172 		.ascii	"char\000"
 726      00
 727              	.LASF32:
 728 02a0 5F6D6F64 		.ascii	"_modbus_timer_finished\000"
 728      6275735F 
 728      74696D65 
 728      725F6669 
 728      6E697368 
 729              	.LASF2:
 730 02b7 73686F72 		.ascii	"short int\000"
 730      7420696E 
 730      7400
 731              	.LASF4:
 732 02c1 6C6F6E67 		.ascii	"long int\000"
 732      20696E74 
ARM GAS  C:\Users\LUKEYO~1\AppData\Local\Temp\ccYFsQd4.s 			page 17


 732      00
 733              	.LASF15:
 734 02ca 6C6F6E67 		.ascii	"long double\000"
 734      20646F75 
 734      626C6500 
 735              	.LASF0:
 736 02d6 7369676E 		.ascii	"signed char\000"
 736      65642063 
 736      68617200 
 737              	.LASF27:
 738 02e2 4D4F4442 		.ascii	"MODBUS_TIMER_Init\000"
 738      55535F54 
 738      494D4552 
 738      5F496E69 
 738      7400
 739              	.LASF24:
 740 02f4 43794465 		.ascii	"CyDelay\000"
 740      6C617900 
 741              		.ident	"GCC: (GNU Tools for ARM Embedded Processors) 5.4.1 20160609 (release) [ARM/embedded-5-bran
